[debug] [2020-10-13T21:58:33.617Z] ----------------------------------------------------------------------
[debug] [2020-10-13T21:58:33.619Z] Command:       C:\Program Files\nodejs\node.exe C:\Users\briaa\AppData\Roaming\npm\node_modules\firebase-tools\lib\bin\firebase.js init
[debug] [2020-10-13T21:58:33.620Z] CLI Version:   8.12.1
[debug] [2020-10-13T21:58:33.620Z] Platform:      win32
[debug] [2020-10-13T21:58:33.620Z] Node Version:  v12.18.0
[debug] [2020-10-13T21:58:33.621Z] Time:          Tue Oct 13 2020 17:58:33 GMT-0400 (Eastern Daylight Time)
[debug] [2020-10-13T21:58:33.621Z] ----------------------------------------------------------------------
[debug] [2020-10-13T21:58:33.621Z] 
[debug] [2020-10-13T21:58:33.628Z] > command requires scopes: ["email","openid","https://www.googleapis.com/auth/cloudplatformprojects.readonly","https://www.googleapis.com/auth/firebase","https://www.googleapis.com/auth/cloud-platform"]
[debug] [2020-10-13T21:58:33.629Z] > authorizing via signed-in user
[info] 
     ######## #### ########  ######## ########     ###     ######  ########
     ##        ##  ##     ## ##       ##     ##  ##   ##  ##       ##
     ######    ##  ########  ######   ########  #########  ######  ######
     ##        ##  ##    ##  ##       ##     ## ##     ##       ## ##
     ##       #### ##     ## ######## ########  ##     ##  ######  ########

You're about to initialize a Firebase project in this directory:

  C:\Users\briaa\OneDrive\Desktop\Coding\hon-media-blog

Before we get started, keep in mind:

  * You are initializing in an existing Firebase project directory

